<?xml version="1.0" encoding="UTF-8"?>
<!-- Generated by org.testng.reporters.JUnitReportReporter -->
<testsuite hostname="Khaleed-HP" failures="0" tests="1" name="test.day1" time="0.019" errors="0" timestamp="2020-02-23T01:18:16 CST" skipped="0">
  <testcase classname="test.day1" name="Demo" time="0.019"/>
</testsuite> <!-- test.day1 -->
