<?xml version="1.0" encoding="UTF-8"?>
<!-- Generated by org.testng.reporters.JUnitReportReporter -->
<testsuite hostname="Khaleed-HP" failures="0" tests="3" name="test.day4" time="0.078" errors="0" timestamp="2020-02-23T01:18:16 CST" skipped="0">
  <testcase classname="test.day4" name="MobileloginCarloan" time="0.012"/>
  <testcase classname="test.day4" name="LoginAPIcarloan" time="0.042"/>
  <testcase classname="test.day4" name="WebloginCarloan" time="0.024"/>
</testsuite> <!-- test.day4 -->
