<?xml version="1.0" encoding="UTF-8"?>
<!-- Generated by org.testng.reporters.JUnitReportReporter -->
<testsuite hostname="Khaleed-HP" failures="0" tests="3" name="test.day3" time="0.048" errors="0" timestamp="2020-02-23T01:18:16 CST" skipped="0">
  <testcase classname="test.day3" name="MobileloginCarloan" time="0.013"/>
  <testcase classname="test.day3" name="WebloginCarloan" time="0.005"/>
  <testcase classname="test.day3" name="WebloginCarloan" time="0.030"/>
</testsuite> <!-- test.day3 -->
